<?xml version="1.0" encoding="UTF-8"?>
<!-- Generated by org.testng.reporters.JUnitReportReporter -->
<testsuite skipped="0" hostname="Gurukiran" name="co.sample.tests.LoginToAmazonSearchForItemAndAddToCart" tests="1" failures="0" timestamp="30 June 2020 11:42:45 GMT" time="63.522" errors="0">
  <testcase name="verifyUserAbleToStreamContentsOnline" time="63.522" classname="co.sample.tests.LoginToAmazonSearchForItemAndAddToCart"/>
</testsuite> <!-- co.sample.tests.LoginToAmazonSearchForItemAndAddToCart -->
